Using pre-set license
Built from '2020.3/staging' branch; Version is '2020.3.5f1 (8095aa901b9b) revision 8426922'; Using compiler version '192528614'; Build Type 'Release'
OS: 'Windows 10 Home Single Language; OS build 19042.1110; Version 2009; 64bit' Language: 'es' Physical Memory: 15809 MB
BatchMode: 1, IsHumanControllingUs: 0, StartBugReporterOnCrash: 0, Is64bit: 1, IsPro: 0

 COMMAND LINE ARGUMENTS:
C:\Program Files\Unity\Hub\Editor\2020.3.5f1\Editor\Unity.exe
-adb2
-batchMode
-noUpm
-name
AssetImportWorker0
-projectPath
C:/Users/Arif Bordones/Dropbox/Mi PC (LAPTOP-C6O8PAFN)/Documents/GitHub/AXIS
-logFile
Logs/AssetImportWorker0.log
-srvPort
54128
Successfully changed project path to: C:/Users/Arif Bordones/Dropbox/Mi PC (LAPTOP-C6O8PAFN)/Documents/GitHub/AXIS
C:/Users/Arif Bordones/Dropbox/Mi PC (LAPTOP-C6O8PAFN)/Documents/GitHub/AXIS
Using Asset Import Pipeline V2.
Refreshing native plugins compatible for Editor in 234.55 ms, found 1 plugins.
Preloading 0 native plugins for Editor in 0.00 ms.
Initialize engine version: 2020.3.5f1 (8095aa901b9b)
[Subsystems] Discovering subsystems at path C:/Program Files/Unity/Hub/Editor/2020.3.5f1/Editor/Data/Resources/UnitySubsystems
[Subsystems] Discovering subsystems at path C:/Users/Arif Bordones/Dropbox/Mi PC (LAPTOP-C6O8PAFN)/Documents/GitHub/AXIS/Assets
GfxDevice: creating device client; threaded=0
Direct3D:
    Version:  Direct3D 11.0 [level 11.1]
    Renderer: NVIDIA GeForce GTX 1650 (ID=0x1f91)
    Vendor:   
    VRAM:     3962 MB
    Driver:   27.21.14.6589
Initialize mono
Mono path[0] = 'C:/Program Files/Unity/Hub/Editor/2020.3.5f1/Editor/Data/Managed'
Mono path[1] = 'C:/Program Files/Unity/Hub/Editor/2020.3.5f1/Editor/Data/MonoBleedingEdge/lib/mono/unityjit'
Mono config path = 'C:/Program Files/Unity/Hub/Editor/2020.3.5f1/Editor/Data/MonoBleedingEdge/etc'
Using monoOptions --debugger-agent=transport=dt_socket,embedding=1,server=y,suspend=n,address=127.0.0.1:56456
Begin MonoManager ReloadAssembly
Registering precompiled unity dll's ...
Register platform support module: C:/Program Files/Unity/Hub/Editor/2020.3.5f1/Editor/Data/PlaybackEngines/WindowsStandaloneSupport/UnityEditor.WindowsStandalone.Extensions.dll
Registered in 0.004061 seconds.
Native extension for WindowsStandalone target not found
Refreshing native plugins compatible for Editor in 328.08 ms, found 1 plugins.
Preloading 0 native plugins for Editor in 0.00 ms.
Mono: successfully reloaded assembly
- Completed reload, in  2.617 seconds
Platform modules already initialized, skipping
Registering precompiled user dll's ...
Registered in 0.007870 seconds.
Begin MonoManager ReloadAssembly
Native extension for WindowsStandalone target not found
Refreshing native plugins compatible for Editor in 338.21 ms, found 1 plugins.
Preloading 0 native plugins for Editor in 0.00 ms.
Mono: successfully reloaded assembly
- Completed reload, in  2.381 seconds
Platform modules already initialized, skipping
========================================================================
Worker process is ready to serve import requests
Launched and connected shader compiler UnityShaderCompiler.exe after 0.08 seconds
Refreshing native plugins compatible for Editor in 1.87 ms, found 1 plugins.
Preloading 0 native plugins for Editor in 0.00 ms.
Unloading 2138 Unused Serialized files (Serialized files now loaded: 0)
System memory in use before: 105.9 MB.
System memory in use after: 106.0 MB.

Unloading 21 unused Assets to reduce memory usage. Loaded Objects now: 2590.
Total: 5.807000 ms (FindLiveObjects: 0.658000 ms CreateObjectMapping: 0.183900 ms MarkObjects: 4.827100 ms  DeleteObjects: 0.133800 ms)

========================================================================
Received Import Request.
  path: Assets/Scripts Arif uwu/PuntajeJugador.cs
  artifactKey: Guid(47ccb52af0ff9e5418eca19c703896c7) Importer(815301076,1909f56bfc062723c751e8b465ee728b)
Start importing Assets/Scripts Arif uwu/PuntajeJugador.cs using Guid(47ccb52af0ff9e5418eca19c703896c7) Importer(815301076,1909f56bfc062723c751e8b465ee728b)  -> (artifact id: '1fc97c93d488a8fb6682c635be8a3c7a') in 0.070525 seconds
  Import took 0.076904 seconds .

========================================================================
Received Prepare
Registering precompiled user dll's ...
Registered in 0.005450 seconds.
Begin MonoManager ReloadAssembly
Native extension for WindowsStandalone target not found
Refreshing native plugins compatible for Editor in 1.72 ms, found 1 plugins.
Preloading 0 native plugins for Editor in 0.00 ms.
Mono: successfully reloaded assembly
- Completed reload, in  2.006 seconds
Platform modules already initialized, skipping
Refreshing native plugins compatible for Editor in 2.98 ms, found 1 plugins.
Preloading 0 native plugins for Editor in 0.00 ms.
Unloading 2115 Unused Serialized files (Serialized files now loaded: 0)
System memory in use before: 104.3 MB.
System memory in use after: 104.4 MB.

Unloading 7 unused Assets to reduce memory usage. Loaded Objects now: 2594.
Total: 3.107800 ms (FindLiveObjects: 0.285200 ms CreateObjectMapping: 0.082700 ms MarkObjects: 2.711600 ms  DeleteObjects: 0.026500 ms)

========================================================================
Received Import Request.
  Time since last request: 85.837926 seconds.
  path: Assets/Scripts SebaA/MovimientoJugador.cs
  artifactKey: Guid(b33874213fb88e742961ce20ecc19a6e) Importer(815301076,1909f56bfc062723c751e8b465ee728b)
Start importing Assets/Scripts SebaA/MovimientoJugador.cs using Guid(b33874213fb88e742961ce20ecc19a6e) Importer(815301076,1909f56bfc062723c751e8b465ee728b)  -> (artifact id: '1250216c499ebb742c0f31021fc3c331') in 0.028123 seconds
  Import took 0.036477 seconds .

========================================================================
Received Import Request.
  Time since last request: 0.038330 seconds.
  path: Assets/Scripts SebaA/MovimientoJugador.cs
  artifactKey: Guid(b33874213fb88e742961ce20ecc19a6e) Importer(815301076,1909f56bfc062723c751e8b465ee728b)
Start importing Assets/Scripts SebaA/MovimientoJugador.cs using Guid(b33874213fb88e742961ce20ecc19a6e) Importer(815301076,1909f56bfc062723c751e8b465ee728b)  -> (artifact id: '1250216c499ebb742c0f31021fc3c331') in 0.004831 seconds
  Import took 0.013370 seconds .

========================================================================
Received Import Request.
  Time since last request: 34.033639 seconds.
  path: Assets/Scripts SebaA/MovimientoEnemigo.cs
  artifactKey: Guid(431cb4bb602e7854aa17cfcee86d344d) Importer(815301076,1909f56bfc062723c751e8b465ee728b)
Start importing Assets/Scripts SebaA/MovimientoEnemigo.cs using Guid(431cb4bb602e7854aa17cfcee86d344d) Importer(815301076,1909f56bfc062723c751e8b465ee728b)  -> (artifact id: 'ba40498315903ae1c55e7643ee99130e') in 0.260617 seconds
  Import took 0.273419 seconds .

========================================================================
Received Prepare
Registering precompiled user dll's ...
Registered in 0.008040 seconds.
Begin MonoManager ReloadAssembly
Native extension for WindowsStandalone target not found
Refreshing native plugins compatible for Editor in 3.59 ms, found 1 plugins.
Preloading 0 native plugins for Editor in 0.00 ms.
Mono: successfully reloaded assembly
- Completed reload, in  3.657 seconds
Platform modules already initialized, skipping
Refreshing native plugins compatible for Editor in 3.99 ms, found 1 plugins.
Preloading 0 native plugins for Editor in 0.00 ms.
Unloading 2115 Unused Serialized files (Serialized files now loaded: 0)
System memory in use before: 104.3 MB.
System memory in use after: 104.4 MB.

Unloading 7 unused Assets to reduce memory usage. Loaded Objects now: 2598.
Total: 7.008600 ms (FindLiveObjects: 0.799500 ms CreateObjectMapping: 0.348800 ms MarkObjects: 5.799200 ms  DeleteObjects: 0.057900 ms)

========================================================================
Received Prepare
Registering precompiled user dll's ...
Registered in 0.005104 seconds.
Begin MonoManager ReloadAssembly
Native extension for WindowsStandalone target not found
Refreshing native plugins compatible for Editor in 3.11 ms, found 1 plugins.
Preloading 0 native plugins for Editor in 0.00 ms.
Mono: successfully reloaded assembly
- Completed reload, in  2.337 seconds
Platform modules already initialized, skipping
Refreshing native plugins compatible for Editor in 3.14 ms, found 1 plugins.
Preloading 0 native plugins for Editor in 0.00 ms.
Unloading 2115 Unused Serialized files (Serialized files now loaded: 0)
System memory in use before: 104.3 MB.
System memory in use after: 104.4 MB.

Unloading 7 unused Assets to reduce memory usage. Loaded Objects now: 2602.
Total: 4.912900 ms (FindLiveObjects: 0.396900 ms CreateObjectMapping: 0.125600 ms MarkObjects: 4.346800 ms  DeleteObjects: 0.041300 ms)

========================================================================
Received Prepare
Registering precompiled user dll's ...
Registered in 0.005661 seconds.
Begin MonoManager ReloadAssembly
Native extension for WindowsStandalone target not found
Refreshing native plugins compatible for Editor in 2.91 ms, found 1 plugins.
Preloading 0 native plugins for Editor in 0.00 ms.
Mono: successfully reloaded assembly
- Completed reload, in  1.726 seconds
Platform modules already initialized, skipping
Refreshing native plugins compatible for Editor in 3.57 ms, found 1 plugins.
Preloading 0 native plugins for Editor in 0.00 ms.
Unloading 2115 Unused Serialized files (Serialized files now loaded: 0)
System memory in use before: 104.3 MB.
System memory in use after: 104.5 MB.

Unloading 7 unused Assets to reduce memory usage. Loaded Objects now: 2606.
Total: 4.311100 ms (FindLiveObjects: 0.459900 ms CreateObjectMapping: 0.160000 ms MarkObjects: 3.658100 ms  DeleteObjects: 0.031200 ms)

========================================================================
Received Prepare
Registering precompiled user dll's ...
Registered in 0.003198 seconds.
Begin MonoManager ReloadAssembly
Native extension for WindowsStandalone target not found
Refreshing native plugins compatible for Editor in 4.34 ms, found 1 plugins.
Preloading 0 native plugins for Editor in 0.00 ms.
Mono: successfully reloaded assembly
- Completed reload, in  1.751 seconds
Platform modules already initialized, skipping
Refreshing native plugins compatible for Editor in 2.44 ms, found 1 plugins.
Preloading 0 native plugins for Editor in 0.00 ms.
Unloading 2115 Unused Serialized files (Serialized files now loaded: 0)
System memory in use before: 104.4 MB.
System memory in use after: 104.5 MB.

Unloading 7 unused Assets to reduce memory usage. Loaded Objects now: 2610.
Total: 5.012800 ms (FindLiveObjects: 0.721000 ms CreateObjectMapping: 0.350900 ms MarkObjects: 3.903400 ms  DeleteObjects: 0.035400 ms)

========================================================================
Received Prepare
Registering precompiled user dll's ...
Registered in 0.003663 seconds.
Begin MonoManager ReloadAssembly
Native extension for WindowsStandalone target not found
Refreshing native plugins compatible for Editor in 2.88 ms, found 1 plugins.
Preloading 0 native plugins for Editor in 0.00 ms.
Mono: successfully reloaded assembly
- Completed reload, in  1.618 seconds
Platform modules already initialized, skipping
Refreshing native plugins compatible for Editor in 1.95 ms, found 1 plugins.
Preloading 0 native plugins for Editor in 0.00 ms.
Unloading 2115 Unused Serialized files (Serialized files now loaded: 0)
System memory in use before: 104.4 MB.
System memory in use after: 104.5 MB.

Unloading 7 unused Assets to reduce memory usage. Loaded Objects now: 2614.
Total: 3.028900 ms (FindLiveObjects: 0.290800 ms CreateObjectMapping: 0.065700 ms MarkObjects: 2.638800 ms  DeleteObjects: 0.032000 ms)

========================================================================
Received Import Request.
  Time since last request: 461.672724 seconds.
  path: Assets/Fondos Escenario 2/3 Objects/Ladders/1.png
  artifactKey: Guid(eb23c36da9a13ad44a615e270f99eb0d) Importer(815301076,1909f56bfc062723c751e8b465ee728b)
Start importing Assets/Fondos Escenario 2/3 Objects/Ladders/1.png using Guid(eb23c36da9a13ad44a615e270f99eb0d) Importer(815301076,1909f56bfc062723c751e8b465ee728b)  -> (artifact id: '4878e5217b3f4353dc3475dacd71b5c7') in 0.317380 seconds
  Import took 0.328770 seconds .

========================================================================
Received Import Request.
  Time since last request: 0.000297 seconds.
  path: Assets/Fondos Escenario 2/3 Objects/Bushes/1.png
  artifactKey: Guid(a18fad47685b0004f93be87e3016be87) Importer(815301076,1909f56bfc062723c751e8b465ee728b)
Start importing Assets/Fondos Escenario 2/3 Objects/Bushes/1.png using Guid(a18fad47685b0004f93be87e3016be87) Importer(815301076,1909f56bfc062723c751e8b465ee728b)  -> (artifact id: '74a79c5f94992bcd9c448c2eea574169') in 0.107995 seconds
  Import took 0.115243 seconds .

========================================================================
Received Import Request.
  Time since last request: 0.000316 seconds.
  path: Assets/Fondos Escenario 2/3 Objects/Pointers/1.png
  artifactKey: Guid(3067ff78b99ae384698926471be52e53) Importer(815301076,1909f56bfc062723c751e8b465ee728b)
Start importing Assets/Fondos Escenario 2/3 Objects/Pointers/1.png using Guid(3067ff78b99ae384698926471be52e53) Importer(815301076,1909f56bfc062723c751e8b465ee728b)  -> (artifact id: 'd2a426c5ef12500de95bed8016097aa6') in 0.049968 seconds
  Import took 0.056631 seconds .

========================================================================
Received Import Request.
  Time since last request: 0.000298 seconds.
  path: Assets/Fondos Escenario 2/3 Objects/Trees/1.png
  artifactKey: Guid(2ae7397b3e14f30429bbacf8ebc6874d) Importer(815301076,1909f56bfc062723c751e8b465ee728b)
Start importing Assets/Fondos Escenario 2/3 Objects/Trees/1.png using Guid(2ae7397b3e14f30429bbacf8ebc6874d) Importer(815301076,1909f56bfc062723c751e8b465ee728b)  -> (artifact id: 'a82dd2cf9c8377a9cd47007308f575fa') in 0.053165 seconds
  Import took 0.062485 seconds .

========================================================================
Received Import Request.
  Time since last request: 0.000336 seconds.
  path: Assets/Fondos Escenario 2/3 Objects/Ladders/1.png
  artifactKey: Guid(eb23c36da9a13ad44a615e270f99eb0d) Importer(815301076,1909f56bfc062723c751e8b465ee728b)
Start importing Assets/Fondos Escenario 2/3 Objects/Ladders/1.png using Guid(eb23c36da9a13ad44a615e270f99eb0d) Importer(815301076,1909f56bfc062723c751e8b465ee728b)  -> (artifact id: '4878e5217b3f4353dc3475dacd71b5c7') in 0.019289 seconds
  Import took 0.027536 seconds .

========================================================================
Received Import Request.
  Time since last request: 0.000425 seconds.
  path: Assets/Fondos Escenario 2/3 Objects/Stones/1.png
  artifactKey: Guid(0139f67cd3a83c443ade3b88928b9c95) Importer(815301076,1909f56bfc062723c751e8b465ee728b)
Start importing Assets/Fondos Escenario 2/3 Objects/Stones/1.png using Guid(0139f67cd3a83c443ade3b88928b9c95) Importer(815301076,1909f56bfc062723c751e8b465ee728b)  -> (artifact id: 'c2187c55a29e430752a1a44001ab7bfe') in 0.031637 seconds
  Import took 0.040441 seconds .

========================================================================
Received Import Request.
  Time since last request: 0.809338 seconds.
  path: Assets/Fondos Escenario 2/3 Objects/Willows/1.png
  artifactKey: Guid(4f0009689d4ef8f41852414046447daf) Importer(815301076,1909f56bfc062723c751e8b465ee728b)
Start importing Assets/Fondos Escenario 2/3 Objects/Willows/1.png using Guid(4f0009689d4ef8f41852414046447daf) Importer(815301076,1909f56bfc062723c751e8b465ee728b)  -> (artifact id: '412d3bee5c08a81213280c76a1d1a7db') in 0.227710 seconds
  Import took 0.233571 seconds .

========================================================================
Received Prepare
Registering precompiled user dll's ...
Registered in 0.005119 seconds.
Begin MonoManager ReloadAssembly
Native extension for WindowsStandalone target not found
Refreshing native plugins compatible for Editor in 2.23 ms, found 1 plugins.
Preloading 0 native plugins for Editor in 0.00 ms.
Mono: successfully reloaded assembly
- Completed reload, in  1.767 seconds
Platform modules already initialized, skipping
Refreshing native plugins compatible for Editor in 3.61 ms, found 1 plugins.
Preloading 0 native plugins for Editor in 0.00 ms.
Unloading 2116 Unused Serialized files (Serialized files now loaded: 0)
System memory in use before: 107.3 MB.
System memory in use after: 107.5 MB.

Unloading 7 unused Assets to reduce memory usage. Loaded Objects now: 2635.
Total: 5.770400 ms (FindLiveObjects: 0.390300 ms CreateObjectMapping: 0.187200 ms MarkObjects: 5.158800 ms  DeleteObjects: 0.031700 ms)

========================================================================
Received Import Request.
  Time since last request: 32.341036 seconds.
  path: Assets/Scripts Arif uwu/BotonMenu.cs
  artifactKey: Guid(4913ca757beb98d4284e6b87a471ef26) Importer(815301076,1909f56bfc062723c751e8b465ee728b)
Start importing Assets/Scripts Arif uwu/BotonMenu.cs using Guid(4913ca757beb98d4284e6b87a471ef26) Importer(815301076,1909f56bfc062723c751e8b465ee728b)  -> (artifact id: 'e80b16267180afd54f623304441b73da') in 0.017887 seconds
  Import took 0.025044 seconds .

========================================================================
Received Prepare
Registering precompiled user dll's ...
Registered in 0.007112 seconds.
Begin MonoManager ReloadAssembly
Native extension for WindowsStandalone target not found
Refreshing native plugins compatible for Editor in 4.84 ms, found 1 plugins.
Preloading 0 native plugins for Editor in 0.00 ms.
Mono: successfully reloaded assembly
- Completed reload, in  1.929 seconds
Platform modules already initialized, skipping
Refreshing native plugins compatible for Editor in 6.83 ms, found 1 plugins.
Preloading 0 native plugins for Editor in 0.00 ms.
Unloading 2116 Unused Serialized files (Serialized files now loaded: 0)
System memory in use before: 107.4 MB.
System memory in use after: 107.5 MB.

Unloading 7 unused Assets to reduce memory usage. Loaded Objects now: 2639.
Total: 8.291400 ms (FindLiveObjects: 1.748300 ms CreateObjectMapping: 0.328100 ms MarkObjects: 6.170000 ms  DeleteObjects: 0.041700 ms)

========================================================================
Received Import Request.
  Time since last request: 199.133741 seconds.
  path: Assets/Prefabs Arif uwu/Musiquita uwu
  artifactKey: Guid(e5cb6fa1d0244ea4db74ed61f7d63b6e) Importer(815301076,1909f56bfc062723c751e8b465ee728b)
Start importing Assets/Prefabs Arif uwu/Musiquita uwu using Guid(e5cb6fa1d0244ea4db74ed61f7d63b6e) Importer(815301076,1909f56bfc062723c751e8b465ee728b)  -> (artifact id: '5e26aec552e516b3a52f8da0d63e1703') in 0.017078 seconds
  Import took 0.022009 seconds .

========================================================================
Received Import Request.
  Time since last request: 17.046352 seconds.
  path: Assets/Prefabs Arif uwu/Musiquita uwu/y2meta.com - Jujutsu Kaisen_ Gojo Satoru Hollow Purple Theme _ EPIC VERSION (Besto Quality) (128 kbps).mp3
  artifactKey: Guid(0ed1927c2edf2bb43b635620be61e188) Importer(815301076,1909f56bfc062723c751e8b465ee728b)
Start importing Assets/Prefabs Arif uwu/Musiquita uwu/y2meta.com - Jujutsu Kaisen_ Gojo Satoru Hollow Purple Theme _ EPIC VERSION (Besto Quality) (128 kbps).mp3 using Guid(0ed1927c2edf2bb43b635620be61e188) Importer(815301076,1909f56bfc062723c751e8b465ee728b)  -> (artifact id: 'b70c644b0a67a771b12a297cf9e105e9') in 0.183779 seconds
  Import took 0.188488 seconds .

========================================================================
Received Prepare
Registering precompiled user dll's ...
Registered in 0.002880 seconds.
Begin MonoManager ReloadAssembly
Native extension for WindowsStandalone target not found
Refreshing native plugins compatible for Editor in 2.73 ms, found 1 plugins.
Preloading 0 native plugins for Editor in 0.00 ms.
Mono: successfully reloaded assembly
- Completed reload, in  1.209 seconds
Platform modules already initialized, skipping
Refreshing native plugins compatible for Editor in 2.66 ms, found 1 plugins.
Preloading 0 native plugins for Editor in 0.00 ms.
Unloading 2116 Unused Serialized files (Serialized files now loaded: 0)
System memory in use before: 107.4 MB.
System memory in use after: 107.5 MB.

Unloading 7 unused Assets to reduce memory usage. Loaded Objects now: 2650.
Total: 4.354700 ms (FindLiveObjects: 0.533200 ms CreateObjectMapping: 0.127000 ms MarkObjects: 3.666300 ms  DeleteObjects: 0.025600 ms)

========================================================================
Received Prepare
Registering precompiled user dll's ...
Registered in 0.005223 seconds.
Begin MonoManager ReloadAssembly
Native extension for WindowsStandalone target not found
Refreshing native plugins compatible for Editor in 3.95 ms, found 1 plugins.
Preloading 0 native plugins for Editor in 0.00 ms.
Mono: successfully reloaded assembly
- Completed reload, in  2.114 seconds
Platform modules already initialized, skipping
Refreshing native plugins compatible for Editor in 4.05 ms, found 1 plugins.
Preloading 0 native plugins for Editor in 0.00 ms.
Unloading 2116 Unused Serialized files (Serialized files now loaded: 0)
System memory in use before: 107.4 MB.
System memory in use after: 107.6 MB.

Unloading 7 unused Assets to reduce memory usage. Loaded Objects now: 2654.
Total: 5.179000 ms (FindLiveObjects: 0.494100 ms CreateObjectMapping: 0.136300 ms MarkObjects: 4.513400 ms  DeleteObjects: 0.031400 ms)

AssetImportWorkerClient::OnTransportError - code=2 error=End of file
