Using pre-set license
Built from '2020.3/staging' branch; Version is '2020.3.5f1 (8095aa901b9b) revision 8426922'; Using compiler version '192528614'; Build Type 'Release'
OS: 'Windows 10 Home; OS build 19042.964; Version 2009; 64bit' Language: 'es' Physical Memory: 12129 MB
BatchMode: 1, IsHumanControllingUs: 0, StartBugReporterOnCrash: 0, Is64bit: 1, IsPro: 0

 COMMAND LINE ARGUMENTS:
C:\Program Files\Unity\Hub\Editor\2020.3.5f1\Editor\Unity.exe
-adb2
-batchMode
-noUpm
-name
AssetImportWorker0
-projectPath
C:/Users/sebaf/AXIS
-logFile
Logs/AssetImportWorker0.log
-srvPort
53364
Successfully changed project path to: C:/Users/sebaf/AXIS
C:/Users/sebaf/AXIS
Using Asset Import Pipeline V2.
Refreshing native plugins compatible for Editor in 47.30 ms, found 1 plugins.
Preloading 0 native plugins for Editor in 0.00 ms.
Initialize engine version: 2020.3.5f1 (8095aa901b9b)
[Subsystems] Discovering subsystems at path C:/Program Files/Unity/Hub/Editor/2020.3.5f1/Editor/Data/Resources/UnitySubsystems
[Subsystems] Discovering subsystems at path C:/Users/sebaf/AXIS/Assets
GfxDevice: creating device client; threaded=0
Direct3D:
    Version:  Direct3D 11.0 [level 11.1]
    Renderer: NVIDIA GeForce GTX 1050 (ID=0x1c91)
    Vendor:   
    VRAM:     2996 MB
    Driver:   27.21.14.6611
Initialize mono
Mono path[0] = 'C:/Program Files/Unity/Hub/Editor/2020.3.5f1/Editor/Data/Managed'
Mono path[1] = 'C:/Program Files/Unity/Hub/Editor/2020.3.5f1/Editor/Data/MonoBleedingEdge/lib/mono/unityjit'
Mono config path = 'C:/Program Files/Unity/Hub/Editor/2020.3.5f1/Editor/Data/MonoBleedingEdge/etc'
Using monoOptions --debugger-agent=transport=dt_socket,embedding=1,server=y,suspend=n,address=127.0.0.1:56532
Begin MonoManager ReloadAssembly
Registering precompiled unity dll's ...
Register platform support module: C:/Program Files/Unity/Hub/Editor/2020.3.5f1/Editor/Data/PlaybackEngines/WindowsStandaloneSupport/UnityEditor.WindowsStandalone.Extensions.dll
Registered in 0.001517 seconds.
Native extension for WindowsStandalone target not found
Refreshing native plugins compatible for Editor in 47.08 ms, found 1 plugins.
Preloading 0 native plugins for Editor in 0.00 ms.
Mono: successfully reloaded assembly
- Completed reload, in  0.853 seconds
Platform modules already initialized, skipping
Registering precompiled user dll's ...
Registered in 0.001004 seconds.
Begin MonoManager ReloadAssembly
Native extension for WindowsStandalone target not found
Refreshing native plugins compatible for Editor in 48.23 ms, found 1 plugins.
Preloading 0 native plugins for Editor in 0.00 ms.
Mono: successfully reloaded assembly
- Completed reload, in  0.905 seconds
Platform modules already initialized, skipping
========================================================================
Worker process is ready to serve import requests
Launched and connected shader compiler UnityShaderCompiler.exe after 0.05 seconds
Refreshing native plugins compatible for Editor in 0.53 ms, found 1 plugins.
Preloading 0 native plugins for Editor in 0.00 ms.
Unloading 1809 Unused Serialized files (Serialized files now loaded: 0)
System memory in use before: 85.2 MB.
System memory in use after: 85.1 MB.

Unloading 24 unused Assets to reduce memory usage. Loaded Objects now: 2253.
Total: 2.139200 ms (FindLiveObjects: 0.184800 ms CreateObjectMapping: 0.088600 ms MarkObjects: 1.751100 ms  DeleteObjects: 0.113600 ms)

========================================================================
Received Import Request.
  path: Assets/Planets with Space Background in Flat Style
  artifactKey: Guid(c06593f8f2e80dc4dbd0d1155d32066a) Importer(815301076,1909f56bfc062723c751e8b465ee728b)
Start importing Assets/Planets with Space Background in Flat Style using Guid(c06593f8f2e80dc4dbd0d1155d32066a) Importer(815301076,1909f56bfc062723c751e8b465ee728b)  -> (artifact id: '49e9bf9f0850ef55e1f024d31230f195') in 0.008223 seconds
  Import took 0.011916 seconds .

========================================================================
Received Import Request.
  Time since last request: 9.582271 seconds.
  path: Assets/Planets with Space Background in Flat Style/Planets 2.0 Preview
  artifactKey: Guid(5137661ab7401d04fb884e695326335a) Importer(815301076,1909f56bfc062723c751e8b465ee728b)
Start importing Assets/Planets with Space Background in Flat Style/Planets 2.0 Preview using Guid(5137661ab7401d04fb884e695326335a) Importer(815301076,1909f56bfc062723c751e8b465ee728b)  -> (artifact id: 'ac3196440063121dc1446341ad05ae8e') in 0.007814 seconds
  Import took 0.011611 seconds .

========================================================================
Received Import Request.
  Time since last request: 0.266713 seconds.
  path: Assets/Planets with Space Background in Flat Style/Planets 2.0 Preview/Cream-Violet-Planet.png
  artifactKey: Guid(9e01db602d98aa044bb852288e243f52) Importer(815301076,1909f56bfc062723c751e8b465ee728b)
Start importing Assets/Planets with Space Background in Flat Style/Planets 2.0 Preview/Cream-Violet-Planet.png using Guid(9e01db602d98aa044bb852288e243f52) Importer(815301076,1909f56bfc062723c751e8b465ee728b)  -> (artifact id: 'c7c12b27c267d819114517637981cade') in 0.164799 seconds
  Import took 0.167609 seconds .

========================================================================
Received Import Request.
  Time since last request: 0.000293 seconds.
  path: Assets/Planets with Space Background in Flat Style/Planets 2.0 Preview/Frost-Planet.png
  artifactKey: Guid(da11ae7884684ca4c9c59ac186552277) Importer(815301076,1909f56bfc062723c751e8b465ee728b)
Start importing Assets/Planets with Space Background in Flat Style/Planets 2.0 Preview/Frost-Planet.png using Guid(da11ae7884684ca4c9c59ac186552277) Importer(815301076,1909f56bfc062723c751e8b465ee728b)  -> (artifact id: '0b05119b89d5870010f84dcdbdb96bae') in 0.025902 seconds
  Import took 0.029133 seconds .

========================================================================
Received Import Request.
  Time since last request: 0.000221 seconds.
  path: Assets/Planets with Space Background in Flat Style/Planets 2.0 Preview/Red-Lines-PLanet.png
  artifactKey: Guid(9c36c5cd75ed3e04da7144bd01430bf2) Importer(815301076,1909f56bfc062723c751e8b465ee728b)
Start importing Assets/Planets with Space Background in Flat Style/Planets 2.0 Preview/Red-Lines-PLanet.png using Guid(9c36c5cd75ed3e04da7144bd01430bf2) Importer(815301076,1909f56bfc062723c751e8b465ee728b)  -> (artifact id: 'a493b82e7ef2ede72bfce45165f6faea') in 0.023255 seconds
  Import took 0.027234 seconds .

========================================================================
Received Import Request.
  Time since last request: 0.000300 seconds.
  path: Assets/Planets with Space Background in Flat Style/Planets 2.0 Preview/cyan-planet.png
  artifactKey: Guid(aa60e8759a614bb45b9bd7678c6094ee) Importer(815301076,1909f56bfc062723c751e8b465ee728b)
Start importing Assets/Planets with Space Background in Flat Style/Planets 2.0 Preview/cyan-planet.png using Guid(aa60e8759a614bb45b9bd7678c6094ee) Importer(815301076,1909f56bfc062723c751e8b465ee728b)  -> (artifact id: '3ca0bdc6551d747274fedf6e26692c78') in 0.026754 seconds
  Import took 0.031586 seconds .

========================================================================
Received Import Request.
  Time since last request: 0.000393 seconds.
  path: Assets/Planets with Space Background in Flat Style/Planets 2.0 Preview/Purple-Planet-wih-Moon.png
  artifactKey: Guid(65688cd761f6d524d85a1890139563d0) Importer(815301076,1909f56bfc062723c751e8b465ee728b)
Start importing Assets/Planets with Space Background in Flat Style/Planets 2.0 Preview/Purple-Planet-wih-Moon.png using Guid(65688cd761f6d524d85a1890139563d0) Importer(815301076,1909f56bfc062723c751e8b465ee728b)  -> (artifact id: '76093dbde0610cd677197d3b83f873ca') in 0.024467 seconds
  Import took 0.027967 seconds .

========================================================================
Received Import Request.
  Time since last request: 0.008070 seconds.
  path: Assets/Planets with Space Background in Flat Style/Planets 2.0 Preview/Purple-Planet-wih-Moon.png
  artifactKey: Guid(65688cd761f6d524d85a1890139563d0) Importer(815301076,1909f56bfc062723c751e8b465ee728b)
Start importing Assets/Planets with Space Background in Flat Style/Planets 2.0 Preview/Purple-Planet-wih-Moon.png using Guid(65688cd761f6d524d85a1890139563d0) Importer(815301076,1909f56bfc062723c751e8b465ee728b)  -> (artifact id: '76093dbde0610cd677197d3b83f873ca') in 0.020199 seconds
  Import took 0.024673 seconds .

========================================================================
Received Import Request.
  Time since last request: 455.416581 seconds.
  path: Assets/Planets with Space Background in Flat Style/Planets and Background
  artifactKey: Guid(a456fe86d78188e4f99ae117474ab9d5) Importer(815301076,1909f56bfc062723c751e8b465ee728b)
Start importing Assets/Planets with Space Background in Flat Style/Planets and Background using Guid(a456fe86d78188e4f99ae117474ab9d5) Importer(815301076,1909f56bfc062723c751e8b465ee728b)  -> (artifact id: '59dcac990fce5d7d582b59298288b1e1') in 0.007058 seconds
  Import took 0.011754 seconds .

========================================================================
Received Import Request.
  Time since last request: 0.052313 seconds.
  path: Assets/Planets with Space Background in Flat Style/Planets and Background/blue-planet.png
  artifactKey: Guid(8ff5851d96e353540b1e6d34f6dafe7b) Importer(815301076,1909f56bfc062723c751e8b465ee728b)
Start importing Assets/Planets with Space Background in Flat Style/Planets and Background/blue-planet.png using Guid(8ff5851d96e353540b1e6d34f6dafe7b) Importer(815301076,1909f56bfc062723c751e8b465ee728b)  -> (artifact id: '4693565443332681bfb92593b7788600') in 0.023253 seconds
  Import took 0.026085 seconds .

========================================================================
Received Import Request.
  Time since last request: 0.000240 seconds.
  path: Assets/Planets with Space Background in Flat Style/Planets and Background/Water-Planet-wWih-Small-Islands.png
  artifactKey: Guid(0a73328190b6a1b4787cc6921bbe0f94) Importer(815301076,1909f56bfc062723c751e8b465ee728b)
Start importing Assets/Planets with Space Background in Flat Style/Planets and Background/Water-Planet-wWih-Small-Islands.png using Guid(0a73328190b6a1b4787cc6921bbe0f94) Importer(815301076,1909f56bfc062723c751e8b465ee728b)  -> (artifact id: '0d7db7b8caeddab78ab64b0adb1ed730') in 0.018335 seconds
  Import took 0.022279 seconds .

========================================================================
Received Import Request.
  Time since last request: 0.000258 seconds.
  path: Assets/Planets with Space Background in Flat Style/Planets and Background/Red-Planet-1.png
  artifactKey: Guid(765aab9d7d5f75f478521312f0b8a3dd) Importer(815301076,1909f56bfc062723c751e8b465ee728b)
Start importing Assets/Planets with Space Background in Flat Style/Planets and Background/Red-Planet-1.png using Guid(765aab9d7d5f75f478521312f0b8a3dd) Importer(815301076,1909f56bfc062723c751e8b465ee728b)  -> (artifact id: 'bac83fe0bb4ce827260f37e1f564c2b3') in 0.018587 seconds
  Import took 0.023039 seconds .

========================================================================
Received Import Request.
  Time since last request: 0.000249 seconds.
  path: Assets/Planets with Space Background in Flat Style/Planets and Background/Lava-PLanet.png
  artifactKey: Guid(ddc556a241acd514ba8409f6e064201c) Importer(815301076,1909f56bfc062723c751e8b465ee728b)
Start importing Assets/Planets with Space Background in Flat Style/Planets and Background/Lava-PLanet.png using Guid(ddc556a241acd514ba8409f6e064201c) Importer(815301076,1909f56bfc062723c751e8b465ee728b)  -> (artifact id: '0d46fca09e30a2c2b7f98d1d211e59e7') in 0.017827 seconds
  Import took 0.022542 seconds .

========================================================================
Received Import Request.
  Time since last request: 0.000249 seconds.
  path: Assets/Planets with Space Background in Flat Style/Planets and Background/cyan-planet.png
  artifactKey: Guid(1eebe61fa30929248bdcda4d7c3c51ec) Importer(815301076,1909f56bfc062723c751e8b465ee728b)
Start importing Assets/Planets with Space Background in Flat Style/Planets and Background/cyan-planet.png using Guid(1eebe61fa30929248bdcda4d7c3c51ec) Importer(815301076,1909f56bfc062723c751e8b465ee728b)  -> (artifact id: '83c2786a0492d6c64799268588494c7f') in 0.018595 seconds
  Import took 0.022218 seconds .

========================================================================
Received Import Request.
  Time since last request: 0.000231 seconds.
  path: Assets/Planets with Space Background in Flat Style/Planets and Background/red-planet-sputnik.png
  artifactKey: Guid(de9bd78144a44764f99b085846a2e03a) Importer(815301076,1909f56bfc062723c751e8b465ee728b)
Start importing Assets/Planets with Space Background in Flat Style/Planets and Background/red-planet-sputnik.png using Guid(de9bd78144a44764f99b085846a2e03a) Importer(815301076,1909f56bfc062723c751e8b465ee728b)  -> (artifact id: '90f7a56fe71161aab215a8af9cdbac9d') in 0.018631 seconds
  Import took 0.022136 seconds .

========================================================================
Received Import Request.
  Time since last request: 0.000574 seconds.
  path: Assets/Planets with Space Background in Flat Style/Planets and Background/white-dwarf-star.png
  artifactKey: Guid(a27406c97e517164cbd7003354e6739c) Importer(815301076,1909f56bfc062723c751e8b465ee728b)
Start importing Assets/Planets with Space Background in Flat Style/Planets and Background/white-dwarf-star.png using Guid(a27406c97e517164cbd7003354e6739c) Importer(815301076,1909f56bfc062723c751e8b465ee728b)  -> (artifact id: '8ca10d3b9f8455a4aa74f86ec9cb0333') in 0.019475 seconds
  Import took 0.024131 seconds .

========================================================================
Received Import Request.
  Time since last request: 0.000258 seconds.
  path: Assets/Planets with Space Background in Flat Style/Planets and Background/Sun.png
  artifactKey: Guid(d1633d80f997845418c21db664ba138f) Importer(815301076,1909f56bfc062723c751e8b465ee728b)
Start importing Assets/Planets with Space Background in Flat Style/Planets and Background/Sun.png using Guid(d1633d80f997845418c21db664ba138f) Importer(815301076,1909f56bfc062723c751e8b465ee728b)  -> (artifact id: '23d7f5a3dbfa1b57e0c0cf4a31d4f939') in 0.018777 seconds
  Import took 0.022982 seconds .

========================================================================
Received Import Request.
  Time since last request: 0.000329 seconds.
  path: Assets/Planets with Space Background in Flat Style/Planets and Background/Orange-Planet.png
  artifactKey: Guid(8d93f8b646fad08429a3686590a61bf7) Importer(815301076,1909f56bfc062723c751e8b465ee728b)
Start importing Assets/Planets with Space Background in Flat Style/Planets and Background/Orange-Planet.png using Guid(8d93f8b646fad08429a3686590a61bf7) Importer(815301076,1909f56bfc062723c751e8b465ee728b)  -> (artifact id: '1ae83052b255a6735e0f85fd6c27a9f5') in 0.015389 seconds
  Import took 0.019860 seconds .

========================================================================
Received Import Request.
  Time since last request: 0.000236 seconds.
  path: Assets/Planets with Space Background in Flat Style/Planets and Background/Purple-Planet.png
  artifactKey: Guid(c135213a5c54f2f4984eaa105cc33b20) Importer(815301076,1909f56bfc062723c751e8b465ee728b)
Start importing Assets/Planets with Space Background in Flat Style/Planets and Background/Purple-Planet.png using Guid(c135213a5c54f2f4984eaa105cc33b20) Importer(815301076,1909f56bfc062723c751e8b465ee728b)  -> (artifact id: '24bc7a41648852d282fcebffc1ef895d') in 0.019414 seconds
  Import took 0.023137 seconds .

========================================================================
Received Import Request.
  Time since last request: 0.000229 seconds.
  path: Assets/Planets with Space Background in Flat Style/Planets and Background/Red-Planet-With-Ice.png
  artifactKey: Guid(c37b6465dcc722340a3a437ce8dbbe96) Importer(815301076,1909f56bfc062723c751e8b465ee728b)
Start importing Assets/Planets with Space Background in Flat Style/Planets and Background/Red-Planet-With-Ice.png using Guid(c37b6465dcc722340a3a437ce8dbbe96) Importer(815301076,1909f56bfc062723c751e8b465ee728b)  -> (artifact id: '8ec4700ae4a71c723129d590aec314de') in 0.019788 seconds
  Import took 0.022611 seconds .

========================================================================
Received Import Request.
  Time since last request: 0.000212 seconds.
  path: Assets/Planets with Space Background in Flat Style/Planets and Background/Galaxy.png
  artifactKey: Guid(7d2d52905e45ae247b3390d0f42fdc49) Importer(815301076,1909f56bfc062723c751e8b465ee728b)
Start importing Assets/Planets with Space Background in Flat Style/Planets and Background/Galaxy.png using Guid(7d2d52905e45ae247b3390d0f42fdc49) Importer(815301076,1909f56bfc062723c751e8b465ee728b)  -> (artifact id: '70fd71b1d615b9e97e293d75f0315622') in 0.023635 seconds
  Import took 0.027698 seconds .

========================================================================
Received Import Request.
  Time since last request: 0.000225 seconds.
  path: Assets/Planets with Space Background in Flat Style/Planets and Background/Space.png
  artifactKey: Guid(4ecb598b03c4c5b45bea92168edb3474) Importer(815301076,1909f56bfc062723c751e8b465ee728b)
Start importing Assets/Planets with Space Background in Flat Style/Planets and Background/Space.png using Guid(4ecb598b03c4c5b45bea92168edb3474) Importer(815301076,1909f56bfc062723c751e8b465ee728b)  -> (artifact id: '63f87083604444648095bb37c82c5f5c') in 0.023522 seconds
  Import took 0.026985 seconds .

========================================================================
Received Import Request.
  Time since last request: 0.000447 seconds.
  path: Assets/Planets with Space Background in Flat Style/Planets and Background/Sand-Planet.png
  artifactKey: Guid(4a868e28be12a6349a2742aa1909ed42) Importer(815301076,1909f56bfc062723c751e8b465ee728b)
Start importing Assets/Planets with Space Background in Flat Style/Planets and Background/Sand-Planet.png using Guid(4a868e28be12a6349a2742aa1909ed42) Importer(815301076,1909f56bfc062723c751e8b465ee728b)  -> (artifact id: '0447f67092b365653ae46f0acbbce28c') in 0.016209 seconds
  Import took 0.019892 seconds .

========================================================================
Received Import Request.
  Time since last request: 0.000161 seconds.
  path: Assets/Planets with Space Background in Flat Style/Planets and Background/Storm-Planet.png
  artifactKey: Guid(01e466e2fb6eea34ea00e20acc789c01) Importer(815301076,1909f56bfc062723c751e8b465ee728b)
Start importing Assets/Planets with Space Background in Flat Style/Planets and Background/Storm-Planet.png using Guid(01e466e2fb6eea34ea00e20acc789c01) Importer(815301076,1909f56bfc062723c751e8b465ee728b)  -> (artifact id: 'b89bf96e409879f3dfa60a152a6b41e6') in 0.016834 seconds
  Import took 0.019683 seconds .

========================================================================
Received Import Request.
  Time since last request: 0.000154 seconds.
  path: Assets/Planets with Space Background in Flat Style/Planets and Background/earth-like.png
  artifactKey: Guid(0aab17f474ae0434eb7aff4a29cc0123) Importer(815301076,1909f56bfc062723c751e8b465ee728b)
Start importing Assets/Planets with Space Background in Flat Style/Planets and Background/earth-like.png using Guid(0aab17f474ae0434eb7aff4a29cc0123) Importer(815301076,1909f56bfc062723c751e8b465ee728b)  -> (artifact id: '4c83562f0c18de131ece0c3ff464d4ed') in 0.023539 seconds
  Import took 0.027123 seconds .

========================================================================
Received Import Request.
  Time since last request: 0.000196 seconds.
  path: Assets/Planets with Space Background in Flat Style/Planets and Background/Dark-PLanet.png
  artifactKey: Guid(709f6dc460a0f30408be2662721887c0) Importer(815301076,1909f56bfc062723c751e8b465ee728b)
Start importing Assets/Planets with Space Background in Flat Style/Planets and Background/Dark-PLanet.png using Guid(709f6dc460a0f30408be2662721887c0) Importer(815301076,1909f56bfc062723c751e8b465ee728b)  -> (artifact id: 'abe96c36ee8b85bd1b3655b8cacdc753') in 0.016275 seconds
  Import took 0.019871 seconds .

========================================================================
Received Import Request.
  Time since last request: 0.000184 seconds.
  path: Assets/Planets with Space Background in Flat Style/Planets and Background/Ice-Planet.png
  artifactKey: Guid(ef1bf2ecc16140f4195ed991ac4136c1) Importer(815301076,1909f56bfc062723c751e8b465ee728b)
Start importing Assets/Planets with Space Background in Flat Style/Planets and Background/Ice-Planet.png using Guid(ef1bf2ecc16140f4195ed991ac4136c1) Importer(815301076,1909f56bfc062723c751e8b465ee728b)  -> (artifact id: '853a7a9ac24a3fa271719f6ad9c97dee') in 0.017843 seconds
  Import took 0.021500 seconds .

========================================================================
Received Import Request.
  Time since last request: 31.059029 seconds.
  path: Assets/Planets with Space Background in Flat Style/Planets and Background With Shadows
  artifactKey: Guid(6df652796149f1a42b40deb6f451936c) Importer(815301076,1909f56bfc062723c751e8b465ee728b)
Start importing Assets/Planets with Space Background in Flat Style/Planets and Background With Shadows using Guid(6df652796149f1a42b40deb6f451936c) Importer(815301076,1909f56bfc062723c751e8b465ee728b)  -> (artifact id: 'd52458a282e99571df079e449378c812') in 0.005687 seconds
  Import took 0.008748 seconds .

========================================================================
Received Import Request.
  Time since last request: 0.039548 seconds.
  path: Assets/Planets with Space Background in Flat Style/Planets and Background With Shadows/blue-planet.png
  artifactKey: Guid(7fd37ac138fced546a89a75d728d0710) Importer(815301076,1909f56bfc062723c751e8b465ee728b)
Start importing Assets/Planets with Space Background in Flat Style/Planets and Background With Shadows/blue-planet.png using Guid(7fd37ac138fced546a89a75d728d0710) Importer(815301076,1909f56bfc062723c751e8b465ee728b)  -> (artifact id: '5ac62abd49b6a08faff90833cfc4a754') in 0.015710 seconds
  Import took 0.018900 seconds .

========================================================================
Received Import Request.
  Time since last request: 0.000285 seconds.
  path: Assets/Planets with Space Background in Flat Style/Planets and Background With Shadows/Sand-Planet.png
  artifactKey: Guid(71ac7bd0a112e0445a75d4cf6d697128) Importer(815301076,1909f56bfc062723c751e8b465ee728b)
Start importing Assets/Planets with Space Background in Flat Style/Planets and Background With Shadows/Sand-Planet.png using Guid(71ac7bd0a112e0445a75d4cf6d697128) Importer(815301076,1909f56bfc062723c751e8b465ee728b)  -> (artifact id: 'd8b1147fe802dd28d5715fa50401e533') in 0.013890 seconds
  Import took 0.017548 seconds .

========================================================================
Received Import Request.
  Time since last request: 0.000235 seconds.
  path: Assets/Planets with Space Background in Flat Style/Planets and Background With Shadows/Storm-Planet 1.png
  artifactKey: Guid(ecf7b80712cebd042820b11f9a6f3049) Importer(815301076,1909f56bfc062723c751e8b465ee728b)
Start importing Assets/Planets with Space Background in Flat Style/Planets and Background With Shadows/Storm-Planet 1.png using Guid(ecf7b80712cebd042820b11f9a6f3049) Importer(815301076,1909f56bfc062723c751e8b465ee728b)  -> (artifact id: '95521bf6172fff0125b5478bb01634d3') in 0.017577 seconds
  Import took 0.020803 seconds .

========================================================================
Received Import Request.
  Time since last request: 0.000243 seconds.
  path: Assets/Planets with Space Background in Flat Style/Planets and Background With Shadows/red-planet-sputnik.png
  artifactKey: Guid(1869fb7484aa0c143afc697469c77982) Importer(815301076,1909f56bfc062723c751e8b465ee728b)
Start importing Assets/Planets with Space Background in Flat Style/Planets and Background With Shadows/red-planet-sputnik.png using Guid(1869fb7484aa0c143afc697469c77982) Importer(815301076,1909f56bfc062723c751e8b465ee728b)  -> (artifact id: 'd15ca02189f9aa37f0e4da90254306c3') in 0.016095 seconds
  Import took 0.019671 seconds .

========================================================================
Received Import Request.
  Time since last request: 0.000337 seconds.
  path: Assets/Planets with Space Background in Flat Style/Planets and Background With Shadows/Red-Planet-1.png
  artifactKey: Guid(e649371ffe68bfa4c8a5f18c1e0186f3) Importer(815301076,1909f56bfc062723c751e8b465ee728b)
Start importing Assets/Planets with Space Background in Flat Style/Planets and Background With Shadows/Red-Planet-1.png using Guid(e649371ffe68bfa4c8a5f18c1e0186f3) Importer(815301076,1909f56bfc062723c751e8b465ee728b)  -> (artifact id: 'd8365c1718566f2d069a612c028ec9cd') in 0.014900 seconds
  Import took 0.018101 seconds .

========================================================================
Received Import Request.
  Time since last request: 0.000273 seconds.
  path: Assets/Planets with Space Background in Flat Style/Planets and Background With Shadows/Dark-PLanet.png
  artifactKey: Guid(2bed99daade80374692348a8299459cb) Importer(815301076,1909f56bfc062723c751e8b465ee728b)
Start importing Assets/Planets with Space Background in Flat Style/Planets and Background With Shadows/Dark-PLanet.png using Guid(2bed99daade80374692348a8299459cb) Importer(815301076,1909f56bfc062723c751e8b465ee728b)  -> (artifact id: 'eb982974670662145b82fa7dc5698aff') in 0.017559 seconds
  Import took 0.020754 seconds .

========================================================================
Received Import Request.
  Time since last request: 0.000191 seconds.
  path: Assets/Planets with Space Background in Flat Style/Planets and Background With Shadows/Red Lines PLanet.png
  artifactKey: Guid(aff35f74e4d308545a00e273b618c84e) Importer(815301076,1909f56bfc062723c751e8b465ee728b)
Start importing Assets/Planets with Space Background in Flat Style/Planets and Background With Shadows/Red Lines PLanet.png using Guid(aff35f74e4d308545a00e273b618c84e) Importer(815301076,1909f56bfc062723c751e8b465ee728b)  -> (artifact id: '1642c817d2b30ff312add457aa16f336') in 0.017461 seconds
  Import took 0.021665 seconds .

========================================================================
Received Import Request.
  Time since last request: 0.000296 seconds.
  path: Assets/Planets with Space Background in Flat Style/Planets and Background With Shadows/Water-Planet-wWih-Small-Islands.png
  artifactKey: Guid(5c7b6fcdc51c1ec4eb1e4d66c3943700) Importer(815301076,1909f56bfc062723c751e8b465ee728b)
Start importing Assets/Planets with Space Background in Flat Style/Planets and Background With Shadows/Water-Planet-wWih-Small-Islands.png using Guid(5c7b6fcdc51c1ec4eb1e4d66c3943700) Importer(815301076,1909f56bfc062723c751e8b465ee728b)  -> (artifact id: 'e5d21d73e66b73260b2d8157895849ff') in 0.019827 seconds
  Import took 0.022941 seconds .

========================================================================
Received Import Request.
  Time since last request: 0.000237 seconds.
  path: Assets/Planets with Space Background in Flat Style/Planets and Background With Shadows/cyan-planet.png
  artifactKey: Guid(4f98fdc086f0e534aa159f3230263ec2) Importer(815301076,1909f56bfc062723c751e8b465ee728b)
Start importing Assets/Planets with Space Background in Flat Style/Planets and Background With Shadows/cyan-planet.png using Guid(4f98fdc086f0e534aa159f3230263ec2) Importer(815301076,1909f56bfc062723c751e8b465ee728b)  -> (artifact id: '9920fc2ff26de30caee9c754e8afbd24') in 0.016513 seconds
  Import took 0.019915 seconds .

========================================================================
Received Import Request.
  Time since last request: 0.000183 seconds.
  path: Assets/Planets with Space Background in Flat Style/Planets and Background With Shadows/earth.png
  artifactKey: Guid(4dc75a220dfadec47be9a6b70272c152) Importer(815301076,1909f56bfc062723c751e8b465ee728b)
Start importing Assets/Planets with Space Background in Flat Style/Planets and Background With Shadows/earth.png using Guid(4dc75a220dfadec47be9a6b70272c152) Importer(815301076,1909f56bfc062723c751e8b465ee728b)  -> (artifact id: 'f5ee93fc21f4cedc9066f1c7d141388c') in 0.014779 seconds
  Import took 0.018623 seconds .

========================================================================
Received Import Request.
  Time since last request: 0.000204 seconds.
  path: Assets/Planets with Space Background in Flat Style/Planets and Background With Shadows/cyan-planet.png
  artifactKey: Guid(4f98fdc086f0e534aa159f3230263ec2) Importer(815301076,1909f56bfc062723c751e8b465ee728b)
Start importing Assets/Planets with Space Background in Flat Style/Planets and Background With Shadows/cyan-planet.png using Guid(4f98fdc086f0e534aa159f3230263ec2) Importer(815301076,1909f56bfc062723c751e8b465ee728b)  -> (artifact id: '9920fc2ff26de30caee9c754e8afbd24') in 0.017642 seconds
  Import took 0.020704 seconds .

========================================================================
Received Import Request.
  Time since last request: 0.000189 seconds.
  path: Assets/Planets with Space Background in Flat Style/Planets and Background With Shadows/earth.png
  artifactKey: Guid(4dc75a220dfadec47be9a6b70272c152) Importer(815301076,1909f56bfc062723c751e8b465ee728b)
Start importing Assets/Planets with Space Background in Flat Style/Planets and Background With Shadows/earth.png using Guid(4dc75a220dfadec47be9a6b70272c152) Importer(815301076,1909f56bfc062723c751e8b465ee728b)  -> (artifact id: 'f5ee93fc21f4cedc9066f1c7d141388c') in 0.017170 seconds
  Import took 0.020019 seconds .

========================================================================
Received Import Request.
  Time since last request: 0.000213 seconds.
  path: Assets/Planets with Space Background in Flat Style/Planets and Background With Shadows/Orange-Planet.png
  artifactKey: Guid(2ac0db94ff1d5c041bafd13526beb3c4) Importer(815301076,1909f56bfc062723c751e8b465ee728b)
Start importing Assets/Planets with Space Background in Flat Style/Planets and Background With Shadows/Orange-Planet.png using Guid(2ac0db94ff1d5c041bafd13526beb3c4) Importer(815301076,1909f56bfc062723c751e8b465ee728b)  -> (artifact id: 'a77f1abaf003623e9b101f79bbb64d20') in 0.018006 seconds
  Import took 0.020799 seconds .

========================================================================
Received Import Request.
  Time since last request: 0.000165 seconds.
  path: Assets/Planets with Space Background in Flat Style/Planets and Background With Shadows/Purple-Planet.png
  artifactKey: Guid(f61845ff0fcabb149af7e9f6d8b660ea) Importer(815301076,1909f56bfc062723c751e8b465ee728b)
Start importing Assets/Planets with Space Background in Flat Style/Planets and Background With Shadows/Purple-Planet.png using Guid(f61845ff0fcabb149af7e9f6d8b660ea) Importer(815301076,1909f56bfc062723c751e8b465ee728b)  -> (artifact id: 'a08cd94465b66baf4db004118b8d8172') in 0.018142 seconds
  Import took 0.028439 seconds .

========================================================================
Received Import Request.
  Time since last request: 0.000185 seconds.
  path: Assets/Planets with Space Background in Flat Style/Planets and Background With Shadows/Ice-Planet.png
  artifactKey: Guid(a11c432b67c633f4dbd20598771446b0) Importer(815301076,1909f56bfc062723c751e8b465ee728b)
Start importing Assets/Planets with Space Background in Flat Style/Planets and Background With Shadows/Ice-Planet.png using Guid(a11c432b67c633f4dbd20598771446b0) Importer(815301076,1909f56bfc062723c751e8b465ee728b)  -> (artifact id: '1adc54487d661c42dfcf833345e11599') in 0.015284 seconds
  Import took 0.018055 seconds .

========================================================================
Received Import Request.
  Time since last request: 0.000161 seconds.
  path: Assets/Planets with Space Background in Flat Style/Planets and Background With Shadows/Red-Planet-With-Ice.png
  artifactKey: Guid(946c2d6c1621c1449b842ae06de460b2) Importer(815301076,1909f56bfc062723c751e8b465ee728b)
Start importing Assets/Planets with Space Background in Flat Style/Planets and Background With Shadows/Red-Planet-With-Ice.png using Guid(946c2d6c1621c1449b842ae06de460b2) Importer(815301076,1909f56bfc062723c751e8b465ee728b)  -> (artifact id: '543466764c92f5b79d6b5e51a70d5899') in 0.014220 seconds
  Import took 0.017415 seconds .

========================================================================
Received Import Request.
  Time since last request: 16.822972 seconds.
  path: Assets/Planets with Space Background in Flat Style/Demo Scene
  artifactKey: Guid(8dde6798e80d70248b66c953c4d04abf) Importer(815301076,1909f56bfc062723c751e8b465ee728b)
Start importing Assets/Planets with Space Background in Flat Style/Demo Scene using Guid(8dde6798e80d70248b66c953c4d04abf) Importer(815301076,1909f56bfc062723c751e8b465ee728b)  -> (artifact id: '2ea11b517a2130081a78358a231b8c5e') in 0.005704 seconds
  Import took 0.008875 seconds .

========================================================================
Received Import Request.
  Time since last request: 891.278134 seconds.
  path: Assets/2D pixel asteroids
  artifactKey: Guid(052a2c231f255b444903a7fd173ce7ba) Importer(815301076,1909f56bfc062723c751e8b465ee728b)
Start importing Assets/2D pixel asteroids using Guid(052a2c231f255b444903a7fd173ce7ba) Importer(815301076,1909f56bfc062723c751e8b465ee728b)  -> (artifact id: 'ad1464c6bb5d708099ba889f054dbecc') in 0.009040 seconds
  Import took 0.012612 seconds .

========================================================================
Received Import Request.
  Time since last request: 3.986870 seconds.
  path: Assets/2D pixel asteroids/Prefabs
  artifactKey: Guid(641e76a2d35c1db4ea27469bad005345) Importer(815301076,1909f56bfc062723c751e8b465ee728b)
Start importing Assets/2D pixel asteroids/Prefabs using Guid(641e76a2d35c1db4ea27469bad005345) Importer(815301076,1909f56bfc062723c751e8b465ee728b)  -> (artifact id: '2916dc88e47732715d5f7c394cde3a22') in 0.005904 seconds
  Import took 0.008667 seconds .

========================================================================
Received Import Request.
  Time since last request: 0.064661 seconds.
  path: Assets/2D pixel asteroids/Prefabs/AsterBig1.prefab
  artifactKey: Guid(18bb600265b4a4a4fa29f69b9f5b8404) Importer(815301076,1909f56bfc062723c751e8b465ee728b)
Start importing Assets/2D pixel asteroids/Prefabs/AsterBig1.prefab using Guid(18bb600265b4a4a4fa29f69b9f5b8404) Importer(815301076,1909f56bfc062723c751e8b465ee728b)  -> (artifact id: 'bf730110ebe694beb6cf8a0a6930da5c') in 0.044897 seconds
  Import took 0.047944 seconds .

========================================================================
Received Import Request.
  Time since last request: 0.000246 seconds.
  path: Assets/2D pixel asteroids/Prefabs/AsterSmall2.prefab
  artifactKey: Guid(df633265b44cbf44eae676819a0f1900) Importer(815301076,1909f56bfc062723c751e8b465ee728b)
Start importing Assets/2D pixel asteroids/Prefabs/AsterSmall2.prefab using Guid(df633265b44cbf44eae676819a0f1900) Importer(815301076,1909f56bfc062723c751e8b465ee728b)  -> (artifact id: '11ae6fb989cf9fbbf811a3451e805ae5') in 0.013095 seconds
  Import took 0.017116 seconds .

========================================================================
Received Import Request.
  Time since last request: 0.000347 seconds.
  path: Assets/2D pixel asteroids/Prefabs/AsterSmall6.prefab
  artifactKey: Guid(73d0578dde8635c4db633cbe78f8af97) Importer(815301076,1909f56bfc062723c751e8b465ee728b)
Start importing Assets/2D pixel asteroids/Prefabs/AsterSmall6.prefab using Guid(73d0578dde8635c4db633cbe78f8af97) Importer(815301076,1909f56bfc062723c751e8b465ee728b)  -> (artifact id: '58ccbdd76d324fc821e4059c0849b018') in 0.014273 seconds
  Import took 0.017460 seconds .

========================================================================
Received Import Request.
  Time since last request: 0.000226 seconds.
  path: Assets/2D pixel asteroids/Prefabs/AsterHuge1.prefab
  artifactKey: Guid(a928b6b7e9852c6429b1e3022b0ca7ed) Importer(815301076,1909f56bfc062723c751e8b465ee728b)
Start importing Assets/2D pixel asteroids/Prefabs/AsterHuge1.prefab using Guid(a928b6b7e9852c6429b1e3022b0ca7ed) Importer(815301076,1909f56bfc062723c751e8b465ee728b)  -> (artifact id: '325aef55492863d70e35cdbca9b8169b') in 0.014686 seconds
  Import took 0.018106 seconds .

========================================================================
Received Import Request.
  Time since last request: 0.000312 seconds.
  path: Assets/2D pixel asteroids/Prefabs/AsterMed1.prefab
  artifactKey: Guid(ae4d463454dcd3f4f8546cef1366ff03) Importer(815301076,1909f56bfc062723c751e8b465ee728b)
Start importing Assets/2D pixel asteroids/Prefabs/AsterMed1.prefab using Guid(ae4d463454dcd3f4f8546cef1366ff03) Importer(815301076,1909f56bfc062723c751e8b465ee728b)  -> (artifact id: 'c5035eac7ffc0fba9fe5d60f63a417cf') in 0.014343 seconds
  Import took 0.017458 seconds .

========================================================================
Received Import Request.
  Time since last request: 0.000283 seconds.
  path: Assets/2D pixel asteroids/Prefabs/AsterBig4.prefab
  artifactKey: Guid(0d18f1a7832f6a44fa77efb30bde703e) Importer(815301076,1909f56bfc062723c751e8b465ee728b)
Start importing Assets/2D pixel asteroids/Prefabs/AsterBig4.prefab using Guid(0d18f1a7832f6a44fa77efb30bde703e) Importer(815301076,1909f56bfc062723c751e8b465ee728b)  -> (artifact id: '84858e492712d8a053606202001fd7ee') in 0.013839 seconds
  Import took 0.017469 seconds .

========================================================================
Received Import Request.
  Time since last request: 0.000395 seconds.
  path: Assets/2D pixel asteroids/Prefabs/AsterBig2.prefab
  artifactKey: Guid(5c3659959ebb30a489d7eef3009f8afc) Importer(815301076,1909f56bfc062723c751e8b465ee728b)
Start importing Assets/2D pixel asteroids/Prefabs/AsterBig2.prefab using Guid(5c3659959ebb30a489d7eef3009f8afc) Importer(815301076,1909f56bfc062723c751e8b465ee728b)  -> (artifact id: '65f8c75351d72ad2c3ca94c5b5ff5414') in 0.013809 seconds
  Import took 0.017055 seconds .

========================================================================
Received Import Request.
  Time since last request: 0.000291 seconds.
  path: Assets/2D pixel asteroids/Prefabs/AsterSmall3.prefab
  artifactKey: Guid(97fc4a6e44a6aed4a9f7e4f0a4e48bc3) Importer(815301076,1909f56bfc062723c751e8b465ee728b)
Start importing Assets/2D pixel asteroids/Prefabs/AsterSmall3.prefab using Guid(97fc4a6e44a6aed4a9f7e4f0a4e48bc3) Importer(815301076,1909f56bfc062723c751e8b465ee728b)  -> (artifact id: '823a7725cc0d8a66074fa3d26b146eb0') in 0.014775 seconds
  Import took 0.018219 seconds .

========================================================================
Received Import Request.
  Time since last request: 0.000225 seconds.
  path: Assets/2D pixel asteroids/Prefabs/AsterHuge2.prefab
  artifactKey: Guid(70c536de7d9d92449ae52a7ff80766e1) Importer(815301076,1909f56bfc062723c751e8b465ee728b)
Start importing Assets/2D pixel asteroids/Prefabs/AsterHuge2.prefab using Guid(70c536de7d9d92449ae52a7ff80766e1) Importer(815301076,1909f56bfc062723c751e8b465ee728b)  -> (artifact id: '1d93433be9debc9aa6d14fd2c8c5e5a0') in 0.011909 seconds
  Import took 0.014720 seconds .

========================================================================
Received Import Request.
  Time since last request: 0.000226 seconds.
  path: Assets/2D pixel asteroids/Prefabs/AsterHuge3.prefab
  artifactKey: Guid(46fd36c0039a3de4e8a017dd1652a1c9) Importer(815301076,1909f56bfc062723c751e8b465ee728b)
Start importing Assets/2D pixel asteroids/Prefabs/AsterHuge3.prefab using Guid(46fd36c0039a3de4e8a017dd1652a1c9) Importer(815301076,1909f56bfc062723c751e8b465ee728b)  -> (artifact id: '98a179b01bc2730444bda70d5157922a') in 0.013079 seconds
  Import took 0.016198 seconds .

========================================================================
Received Import Request.
  Time since last request: 0.000216 seconds.
  path: Assets/2D pixel asteroids/Prefabs/AsterMed3.prefab
  artifactKey: Guid(10eda568a7de7e04693212985f98844e) Importer(815301076,1909f56bfc062723c751e8b465ee728b)
Start importing Assets/2D pixel asteroids/Prefabs/AsterMed3.prefab using Guid(10eda568a7de7e04693212985f98844e) Importer(815301076,1909f56bfc062723c751e8b465ee728b)  -> (artifact id: '237acdea602254a2122616db1f4530a2') in 0.013555 seconds
  Import took 0.017178 seconds .

========================================================================
Received Import Request.
  Time since last request: 0.000269 seconds.
  path: Assets/2D pixel asteroids/Prefabs/AsterSmall4.prefab
  artifactKey: Guid(04d0e694d442538469994e2367f412b4) Importer(815301076,1909f56bfc062723c751e8b465ee728b)
Start importing Assets/2D pixel asteroids/Prefabs/AsterSmall4.prefab using Guid(04d0e694d442538469994e2367f412b4) Importer(815301076,1909f56bfc062723c751e8b465ee728b)  -> (artifact id: 'a27801872d0ad1aa42e74d5c7fb4f129') in 0.014179 seconds
  Import took 0.017555 seconds .

========================================================================
Received Import Request.
  Time since last request: 0.000250 seconds.
  path: Assets/2D pixel asteroids/Prefabs/AsterMed4.prefab
  artifactKey: Guid(a4f6c7d73f99033429f262bcba1bdeb8) Importer(815301076,1909f56bfc062723c751e8b465ee728b)
Start importing Assets/2D pixel asteroids/Prefabs/AsterMed4.prefab using Guid(a4f6c7d73f99033429f262bcba1bdeb8) Importer(815301076,1909f56bfc062723c751e8b465ee728b)  -> (artifact id: '1e43c4f7de3df56b3ea46f555044117b') in 0.013899 seconds
  Import took 0.017771 seconds .

========================================================================
Received Import Request.
  Time since last request: 0.000221 seconds.
  path: Assets/2D pixel asteroids/Prefabs/AsterSmall5.prefab
  artifactKey: Guid(7e73d8cc1e09492498f76df02fb52fbf) Importer(815301076,1909f56bfc062723c751e8b465ee728b)
Start importing Assets/2D pixel asteroids/Prefabs/AsterSmall5.prefab using Guid(7e73d8cc1e09492498f76df02fb52fbf) Importer(815301076,1909f56bfc062723c751e8b465ee728b)  -> (artifact id: '14fc83f424e656c4a1ea83dbe9daf29a') in 0.015501 seconds
  Import took 0.018711 seconds .

========================================================================
Received Import Request.
  Time since last request: 0.000218 seconds.
  path: Assets/2D pixel asteroids/Prefabs/AsterSmall1.prefab
  artifactKey: Guid(0b41583a19866d64b9483e371372b152) Importer(815301076,1909f56bfc062723c751e8b465ee728b)
Start importing Assets/2D pixel asteroids/Prefabs/AsterSmall1.prefab using Guid(0b41583a19866d64b9483e371372b152) Importer(815301076,1909f56bfc062723c751e8b465ee728b)  -> (artifact id: 'a914ce79c7f9030a8418e575430ab217') in 0.015455 seconds
  Import took 0.019142 seconds .

========================================================================
Received Import Request.
  Time since last request: 0.000171 seconds.
  path: Assets/2D pixel asteroids/Prefabs/AsterMed2.prefab
  artifactKey: Guid(a605a9cb8e6a23444baef3434392fdb5) Importer(815301076,1909f56bfc062723c751e8b465ee728b)
Start importing Assets/2D pixel asteroids/Prefabs/AsterMed2.prefab using Guid(a605a9cb8e6a23444baef3434392fdb5) Importer(815301076,1909f56bfc062723c751e8b465ee728b)  -> (artifact id: '389732fb4e6aa739cb46b08af485b591') in 0.012296 seconds
  Import took 0.015569 seconds .

========================================================================
Received Import Request.
  Time since last request: 0.000313 seconds.
  path: Assets/2D pixel asteroids/Prefabs/AsterBig3.prefab
  artifactKey: Guid(0cc97290e5be8a24a95be78aef2fc1a6) Importer(815301076,1909f56bfc062723c751e8b465ee728b)
Start importing Assets/2D pixel asteroids/Prefabs/AsterBig3.prefab using Guid(0cc97290e5be8a24a95be78aef2fc1a6) Importer(815301076,1909f56bfc062723c751e8b465ee728b)  -> (artifact id: 'bc96f4b4e41cb0e71121f1c45f545de0') in 0.013317 seconds
  Import took 0.017173 seconds .

========================================================================
Received Import Request.
  Time since last request: 0.000235 seconds.
  path: Assets/2D pixel asteroids/Prefabs/AsterMed5.prefab
  artifactKey: Guid(65ee5b4a801d6d44eb112962bd3246e2) Importer(815301076,1909f56bfc062723c751e8b465ee728b)
Start importing Assets/2D pixel asteroids/Prefabs/AsterMed5.prefab using Guid(65ee5b4a801d6d44eb112962bd3246e2) Importer(815301076,1909f56bfc062723c751e8b465ee728b)  -> (artifact id: '9b5be44e5c0685c3a102583f2e464d8d') in 0.020069 seconds
  Import took 0.023523 seconds .

========================================================================
Received Import Request.
  Time since last request: 2103.643314 seconds.
  path: Assets/StarfieldMaterials/Textures/SingleNeb
  artifactKey: Guid(0997958e3ead06144bf65005b6381b79) Importer(815301076,1909f56bfc062723c751e8b465ee728b)
Start importing Assets/StarfieldMaterials/Textures/SingleNeb using Guid(0997958e3ead06144bf65005b6381b79) Importer(815301076,1909f56bfc062723c751e8b465ee728b)  -> (artifact id: 'c7e74a44451fdfbc9f229cba4cd2ef6a') in 0.008371 seconds
  Import took 0.014786 seconds .

========================================================================
Received Import Request.
  Time since last request: 442.586322 seconds.
  path: Assets/StarfieldMaterials/Textures/SingleNeb/SingleNeb_10.png
  artifactKey: Guid(552fd930f2b35f8479d0d62dbeaa8d1f) Importer(815301076,1909f56bfc062723c751e8b465ee728b)
Start importing Assets/StarfieldMaterials/Textures/SingleNeb/SingleNeb_10.png using Guid(552fd930f2b35f8479d0d62dbeaa8d1f) Importer(815301076,1909f56bfc062723c751e8b465ee728b)  -> (artifact id: '4e168d8130811c30688f07e9680d99c5') in 0.021235 seconds
  Import took 0.025504 seconds .

========================================================================
Received Import Request.
  Time since last request: 20.738962 seconds.
  path: Assets/StarfieldMaterials/Textures/SingleNeb/SingleNeb_10.png
  artifactKey: Guid(552fd930f2b35f8479d0d62dbeaa8d1f) Importer(815301076,1909f56bfc062723c751e8b465ee728b)
Start importing Assets/StarfieldMaterials/Textures/SingleNeb/SingleNeb_10.png using Guid(552fd930f2b35f8479d0d62dbeaa8d1f) Importer(815301076,1909f56bfc062723c751e8b465ee728b)  -> (artifact id: 'c7d1a15745d1f8dc3d5a96da266ae216') in 0.014700 seconds
  Import took 0.020439 seconds .

========================================================================
Received Import Request.
  Time since last request: 0.002953 seconds.
  path: Assets/StarfieldMaterials/Textures/SingleNeb/SingleNeb_10.png
  artifactKey: Guid(552fd930f2b35f8479d0d62dbeaa8d1f) Importer(815301076,1909f56bfc062723c751e8b465ee728b)
Start importing Assets/StarfieldMaterials/Textures/SingleNeb/SingleNeb_10.png using Guid(552fd930f2b35f8479d0d62dbeaa8d1f) Importer(815301076,1909f56bfc062723c751e8b465ee728b)  -> (artifact id: 'c7d1a15745d1f8dc3d5a96da266ae216') in 0.015146 seconds
  Import took 0.018253 seconds .

========================================================================
Received Import Request.
  Time since last request: 28.207952 seconds.
  path: Assets/StarfieldMaterials/Textures/SingleNeb/Materials
  artifactKey: Guid(8b828f5d340528d46b8c95130dcccd1c) Importer(815301076,1909f56bfc062723c751e8b465ee728b)
Start importing Assets/StarfieldMaterials/Textures/SingleNeb/Materials using Guid(8b828f5d340528d46b8c95130dcccd1c) Importer(815301076,1909f56bfc062723c751e8b465ee728b)  -> (artifact id: '40b72b349c1fe3e9a8ffd44f6d10abab') in 0.005841 seconds
  Import took 0.008894 seconds .

========================================================================
Received Import Request.
  Time since last request: 0.041394 seconds.
  path: Assets/StarfieldMaterials/Textures/SingleNeb/Materials/SingleNeb_10.mat
  artifactKey: Guid(5db88149408e79e49867cc019707740e) Importer(815301076,1909f56bfc062723c751e8b465ee728b)
Start importing Assets/StarfieldMaterials/Textures/SingleNeb/Materials/SingleNeb_10.mat using Guid(5db88149408e79e49867cc019707740e) Importer(815301076,1909f56bfc062723c751e8b465ee728b)  -> (artifact id: 'a668351c86c2af87c9749d9a374750a4') in 0.039075 seconds
  Import took 0.042172 seconds .

========================================================================
Received Import Request.
  Time since last request: 124.044751 seconds.
  path: Assets/StarfieldMaterials/Textures/SingleNeb/SingleNeb_10.png
  artifactKey: Guid(552fd930f2b35f8479d0d62dbeaa8d1f) Importer(815301076,1909f56bfc062723c751e8b465ee728b)
Start importing Assets/StarfieldMaterials/Textures/SingleNeb/SingleNeb_10.png using Guid(552fd930f2b35f8479d0d62dbeaa8d1f) Importer(815301076,1909f56bfc062723c751e8b465ee728b)  -> (artifact id: '55981cf10d63dac3e649739a39acb2fa') in 2.223767 seconds
  Import took 2.234569 seconds .

========================================================================
Received Import Request.
  Time since last request: 703.211862 seconds.
  path: Assets/2D pixel asteroids/Scenes
  artifactKey: Guid(c6230c5b324d64744887738a504c1321) Importer(815301076,1909f56bfc062723c751e8b465ee728b)
Start importing Assets/2D pixel asteroids/Scenes using Guid(c6230c5b324d64744887738a504c1321) Importer(815301076,1909f56bfc062723c751e8b465ee728b)  -> (artifact id: 'd929f1fed710e1df493e36cc00a17ad5') in 0.008840 seconds
  Import took 0.012569 seconds .

========================================================================
Received Import Request.
  Time since last request: 1.338347 seconds.
  path: Assets/2D pixel asteroids/Scenes/Demo.unity
  artifactKey: Guid(9d53e6c0d1da9614785268efbcc91a7a) Importer(815301076,1909f56bfc062723c751e8b465ee728b)
Start importing Assets/2D pixel asteroids/Scenes/Demo.unity using Guid(9d53e6c0d1da9614785268efbcc91a7a) Importer(815301076,1909f56bfc062723c751e8b465ee728b)  -> (artifact id: '9f666c912b299385cbe5dcca0411948b') in 0.006492 seconds
  Import took 0.010848 seconds .

========================================================================
Received Import Request.
  Time since last request: 8.308407 seconds.
  path: Assets/2D pixel asteroids/Sprites/asteroids.png
  artifactKey: Guid(1bd6c74c058d5f143a391104c445e845) Importer(815301076,1909f56bfc062723c751e8b465ee728b)
Start importing Assets/2D pixel asteroids/Sprites/asteroids.png using Guid(1bd6c74c058d5f143a391104c445e845) Importer(815301076,1909f56bfc062723c751e8b465ee728b)  -> (artifact id: 'ae941f3f93cf738cd54c826801aa6dea') in 0.058203 seconds
  Import took 0.061423 seconds .

========================================================================
Received Import Request.
  Time since last request: 303.721314 seconds.
  path: Assets/2D pixel asteroids/Sprites/asteroids.png
  artifactKey: Guid(1bd6c74c058d5f143a391104c445e845) Importer(815301076,1909f56bfc062723c751e8b465ee728b)
Start importing Assets/2D pixel asteroids/Sprites/asteroids.png using Guid(1bd6c74c058d5f143a391104c445e845) Importer(815301076,1909f56bfc062723c751e8b465ee728b)  -> (artifact id: 'fd7c2cf35fdc697c84b401bcdcebe64f') in 0.055779 seconds
  Import took 0.061496 seconds .

AssetImportWorkerClient::OnTransportError - code=2 error=End of file
